[mobirise.com/free-template/app-showcase-demo/index.html]
[mobirise.com/free-template/app-showcase-demo/assets/images/logo.png]
[backblue.gif]
[fade.gif]
[index.html]
[mobirise.com/free-template/app-showcase-demo/assets/bootstrap-material-design-font/css/material.css]
[mobirise.com/free-template/app-showcase-demo/assets/web/assets/mobirise-icons/mobirise-icons.css]
[mobirise.com/free-template/app-showcase-demo/assets/et-line-font-plugin/style.css]
[mobirise.com/free-template/app-showcase-demo/assets/tether/tether.min.css]
[mobirise.com/free-template/app-showcase-demo/assets/bootstrap/css/bootstrap.min.css]
[mobirise.com/free-template/app-showcase-demo/assets/dropdown/css/style.css]
[mobirise.com/free-template/app-showcase-demo/assets/animate.css/animate.min.css]
[mobirise.com/free-template/app-showcase-demo/assets/theme/css/style.css]
[mobirise.com/free-template/app-showcase-demo/assets/mobirise/css/mbr-additional.css]
[mobirise.com/free-template/app-showcase-demo/assets/images/f-mwo-dznni-averie-woodard-2000x2000.jpg]
[mobirise.com/free-template/app-showcase-demo/assets/images/app-showcase.png]
[mobirise.com/free-template/app-showcase-demo/assets/images/interface-screenshot0-1.jpg]
[mobirise.com/free-template/app-showcase-demo/assets/images/interface-screenshot2.jpg]
[mobirise.com/free-template/app-showcase-demo/assets/images/interface-screenshot1.jpg]
[mobirise.com/free-template/app-showcase-demo/assets/images/interface-screenshot3.jpg]
[mobirise.com/free-template/app-showcase-demo/assets/images/mbr-2000x1333.jpg]
[mobirise.com/free-template/app-showcase-demo/assets/images/ellejmi6dqy-abigail-sisson-160x160.jpg]
[mobirise.com/free-template/app-showcase-demo/assets/images/fcuj-bvjrrs-alicja-koczaska-160x160.jpg]
[mobirise.com/free-template/app-showcase-demo/assets/images/fqkbxo2nkq0-sticker-mule-160x160.jpg]
[mobirise.com/free-template/app-showcase-demo/assets/images/mbr-5.jpg]
[mobirise.com/free-template/app-showcase-demo/assets/web/assets/jquery/jquery.min.js]
[mobirise.com/free-template/app-showcase-demo/assets/tether/tether.min.js]
[mobirise.com/free-template/app-showcase-demo/assets/bootstrap/js/bootstrap.min.js]
[mobirise.com/free-template/app-showcase-demo/assets/smooth-scroll/smooth-scroll.js]
[mobirise.com/free-template/app-showcase-demo/assets/dropdown/js/script.min.js]
[mobirise.com/free-template/app-showcase-demo/assets/touch-swipe/jquery.touch-swipe.min.js]
[mobirise.com/free-template/app-showcase-demo/assets/viewport-checker/jquery.viewportchecker.js]
[mobirise.com/free-template/app-showcase-demo/assets/jarallax/jarallax.js]
[mobirise.com/free-template/app-showcase-demo/assets/theme/js/script.js]
[mobirise.com/free-template/app-showcase-demo/index.html]
[mobirise.com/free-template/app-showcase-demo/assets/bootstrap-material-design-font/fonts/Material-Design-Icons64ea.eot]
[mobirise.com/free-template/app-showcase-demo/assets/bootstrap-material-design-font/fonts/Material-Design-Iconsd41d.eot]
[mobirise.com/free-template/app-showcase-demo/assets/bootstrap-material-design-font/fonts/Material-Design-Icons64ea.woff]
[mobirise.com/free-template/app-showcase-demo/assets/bootstrap-material-design-font/fonts/Material-Design-Icons64ea.ttf]
[mobirise.com/free-template/app-showcase-demo/assets/bootstrap-material-design-font/fonts/Material-Design-Icons64ea.svg]
[mobirise.com/free-template/app-showcase-demo/assets/bootstrap-material-design-font/css/material.css]
[mobirise.com/free-template/app-showcase-demo/assets/web/assets/mobirise-icons/mobirise-icons0e1c.eot]
[mobirise.com/free-template/app-showcase-demo/assets/web/assets/mobirise-icons/mobirise-icons0e1c.ttf]
[mobirise.com/free-template/app-showcase-demo/assets/web/assets/mobirise-icons/mobirise-icons0e1c.woff]
[mobirise.com/free-template/app-showcase-demo/assets/web/assets/mobirise-icons/mobirise-icons.css]
[mobirise.com/free-template/app-showcase-demo/assets/web/assets/mobirise-icons/mobirise-icons0e1c.svg]
[mobirise.com/free-template/app-showcase-demo/assets/et-line-font-plugin/fonts/et-line.eot]
[mobirise.com/free-template/app-showcase-demo/assets/et-line-font-plugin/fonts/et-lined41d.eot]
[mobirise.com/free-template/app-showcase-demo/assets/et-line-font-plugin/fonts/et-line.woff]
[mobirise.com/free-template/app-showcase-demo/assets/et-line-font-plugin/fonts/et-line.ttf]
[mobirise.com/free-template/app-showcase-demo/assets/et-line-font-plugin/style.css]
[mobirise.com/free-template/app-showcase-demo/assets/tether/tether.min.css]
[mobirise.com/free-template/app-showcase-demo/assets/bootstrap/css/bootstrap.min.css]
[mobirise.com/free-template/app-showcase-demo/assets/dropdown/css/style.css]
[mobirise.com/free-template/app-showcase-demo/assets/animate.css/animate.min.css]
[mobirise.com/free-template/app-showcase-demo/assets/theme/css/style.css]
[mobirise.com/free-template/app-showcase-demo/assets/mobirise/css/mbr-additional.css]
[www.googletagmanager.com/gtm5445.html]
[mobirise.com/free-template/app-showcase-demo/assets/bootstrap-material-design-font/fonts/Material-Design-Icons64ea.html]
[mobirise.com/free-template/app-showcase-demo/assets/bootstrap-material-design-font/fonts/Material-Design-Iconsd41d.html]
[mobirise.com/free-template/app-showcase-demo/assets/bootstrap-material-design-font/fonts/Material-Design-Icons64ea-2.html]
[mobirise.com/free-template/app-showcase-demo/assets/bootstrap-material-design-font/fonts/Material-Design-Icons64ea-3.html]
[mobirise.com/free-template/app-showcase-demo/assets/bootstrap-material-design-font/fonts/Material-Design-Icons64ea-4.html]
[mobirise.com/free-template/app-showcase-demo/assets/web/assets/mobirise-icons/mobirise-icons0e1c.svg]
[mobirise.com/free-template/app-showcase-demo/assets/et-line-font-plugin/fonts/et-line.svg]
[mobirise.com/free-template/app-showcase-demo/assets/et-line-font-plugin/fonts/et-line.svg]
